<?xml version="1.0" encoding="UTF-8"?>
<!-- Generated by org.testng.reporters.JUnitReportReporter -->
<testsuite skipped="0" hostname="DESKTOP-8RI6OF2" name="SerializationDeserialization.SerializationEmployeeDetailssWithObject" tests="1" failures="0" timestamp="2022-08-11T12:20:18 IST" time="0.307" errors="0">
  <testcase name="serializeEmpDetailsWithObjectTest" time="0.307" classname="SerializationDeserialization.SerializationEmployeeDetailssWithObject"/>
  <system-out/>
</testsuite> <!-- SerializationDeserialization.SerializationEmployeeDetailssWithObject -->
