<?xml version="1.0" encoding="UTF-8"?>
<!-- Generated by org.testng.reporters.JUnitReportReporter -->
<testsuite skipped="0" hostname="DESKTOP-8RI6OF2" name="SerializationDeserialization.SerializeForEmployeeDetailsWithArray" tests="1" failures="0" timestamp="2022-08-11T12:20:26 IST" time="0.259" errors="0">
  <testcase name="empDetailsWithArray" time="0.259" classname="SerializationDeserialization.SerializeForEmployeeDetailsWithArray"/>
  <system-out/>
</testsuite> <!-- SerializationDeserialization.SerializeForEmployeeDetailsWithArray -->
