<?xml version="1.0" encoding="UTF-8"?>
<!-- Generated by org.testng.reporters.JUnitReportReporter -->
<testsuite skipped="0" hostname="DESKTOP-8RI6OF2" name="SerializationDeserialization.DeserializeEmployeeDetailsWithArray" tests="1" failures="0" timestamp="2022-08-11T12:20:34 IST" time="0.256" errors="0">
  <testcase name="DeserializationEmployeeDetailsWithArray" time="0.256" classname="SerializationDeserialization.DeserializeEmployeeDetailsWithArray"/>
  <system-out/>
</testsuite> <!-- SerializationDeserialization.DeserializeEmployeeDetailsWithArray -->
