<?xml version="1.0" encoding="UTF-8"?>
<!-- Generated by org.testng.reporters.JUnitReportReporter -->
<testsuite skipped="0" hostname="DESKTOP-8RI6OF2" name="SerializationDeserialization.SerializationEmployeeDetails" tests="1" failures="0" timestamp="2022-08-11T12:19:54 IST" time="0.277" errors="0">
  <testcase name="serializeEmpDetailsTest" time="0.277" classname="SerializationDeserialization.SerializationEmployeeDetails"/>
  <system-out/>
</testsuite> <!-- SerializationDeserialization.SerializationEmployeeDetails -->
