<?xml version="1.0" encoding="UTF-8"?>
<!-- Generated by org.testng.reporters.JUnitReportReporter -->
<testsuite skipped="0" hostname="DESKTOP-8RI6OF2" name="EndToEndScenarios.CreateProjectVerifyInDB" tests="1" failures="0" timestamp="2022-08-11T12:02:15 IST" time="4.550" errors="0">
  <testcase name="createAndVerifyProject" time="4.550" classname="EndToEndScenarios.CreateProjectVerifyInDB"/>
  <system-out>
    <![CDATA[TY_PROJ_2815]]>
  </system-out>
</testsuite> <!-- EndToEndScenarios.CreateProjectVerifyInDB -->
