<?xml version="1.0" encoding="UTF-8"?>
<!-- Generated by org.testng.reporters.JUnitReportReporter -->
<testsuite skipped="0" hostname="DESKTOP-8RI6OF2" name="SerializationDeserialization.DeserializationEmployeeDetails" tests="1" failures="0" timestamp="2022-08-11T12:20:46 IST" time="0.303" errors="0">
  <testcase name="deserializeEmpDetailsTest" time="0.303" classname="SerializationDeserialization.DeserializationEmployeeDetails"/>
  <system-out/>
</testsuite> <!-- SerializationDeserialization.DeserializationEmployeeDetails -->
