<?xml version="1.0" encoding="UTF-8"?>
<!-- Generated by org.testng.reporters.JUnitReportReporter -->
<testsuite skipped="0" hostname="DESKTOP-8RI6OF2" name="SerializationDeserialization.DeserializationEmployeeDetailsWithObject" tests="1" failures="0" timestamp="2022-08-11T12:20:40 IST" time="0.395" errors="0">
  <testcase name="DeserializationEmployeeDetailsWithObject" time="0.395" classname="SerializationDeserialization.DeserializationEmployeeDetailsWithObject"/>
  <system-out/>
</testsuite> <!-- SerializationDeserialization.DeserializationEmployeeDetailsWithObject -->
